vhagc.c 26
vtses.c 25
vhsgs.c 25
vhses.c 25
vtsgs.c 24
vhags.c 21
vhaes.c 21
vhaec.c 13
vtsgc.c 8
vtsec.c 8
vhsgc.c 7
vhsec.c 7
hrfft.c 2
vlapgs.c 1
vlapec.c 1
visgau.c 1
visequ.c 1
trvsph.c 1
sphcom.c 1
shses.c 1
shpg.c 1
shpe.c 1
shigc.c 1
shaes.c 1
sfvpgc.c 1
lfp.c 1
ivrtec.c 1
ivlapes.c 1
islapgc.c 1
isfvpgc.c 1
idvtgs.c 1
idvtec.c 1
idivec.c 1
grades.c 1
divgs.c 1
alf.c 1
vsurf.c 0
vshifte.c 0
vrtgs.c 0
vrtgc.c 0
vrtes.c 0
vrtec.c 0
vlapgc.c 0
vlapes.c 0
visgeo.c 0
trssph.c 0
sshifte.c 0
slapgs.c 0
slapgc.c 0
slapes.c 0
slapec.c 0
shsgs.c 0
shsgc.c 0
shsec.c 0
shigs.c 0
shags.c 0
shagc.c 0
shaec.c 0
sfvpgs.c 0
sfvpes.c 0
sfvpec.c 0
pow_di.c 0
ivrtgs.c 0
ivrtgc.c 0
ivrtes.c 0
ivlapgs.c 0
ivlapgc.c 0
ivlapec.c 0
islapgs.c 0
islapes.c 0
islapec.c 0
isfvpgs.c 0
isfvpes.c 0
isfvpec.c 0
ihgeod.c 0
igradgs.c 0
igradgc.c 0
igrades.c 0
igradec.c 0
idvtgc.c 0
idvtes.c 0
idivgs.c 0
idivgc.c 0
idives.c 0
helmsph.c 0
gradgs.c 0
gradgc.c 0
gradec.c 0
geo2math.c 0
gaqd.c 0
divgc.c 0
dives.c 0
divec.c 0
