vhses.c 316
vtsgs.c 258
vtses.c 257
vhsgs.c 255
vhagc.c 123
vhags.c 107
vhaes.c 104
vhaec.c 62
vhsgc.c 61
vhsec.c 56
vtsgc.c 52
vtsec.c 50
hrfft.c 39
shpe.c 13
shpg.c 11
vlapgs.c 7
vlapes.c 7
ivlapgc.c 7
ivlapec.c 7
vlapgc.c 6
vlapec.c 6
ivlapgs.c 6
ivlapes.c 6
shsgs.c 3
shses.c 3
visgeo.c 2
visgau.c 2
visequ.c 2
islapgc.c 2
islapec.c 2
idvtec.c 2
vrtgs.c 1
vrtes.c 1
sphcom.c 1
slapes.c 1
shsgc.c 1
shsec.c 1
shigs.c 1
shaes.c 1
shaec.c 1
sfvpgs.c 1
sfvpgc.c 1
sfvpes.c 1
sfvpec.c 1
pow_di.c 1
ivrtgc.c 1
ivrtec.c 1
islapgs.c 1
islapes.c 1
isfvpgs.c 1
isfvpgc.c 1
isfvpes.c 1
isfvpec.c 1
igradgs.c 1
idvtgs.c 1
idvtgc.c 1
idvtes.c 1
idives.c 1
gradgs.c 1
grades.c 1
gaqd.c 1
dives.c 1
alf.c 1
vsurf.c 0
vshifte.c 0
vrtgc.c 0
vrtec.c 0
trvsph.c 0
trssph.c 0
sshifte.c 0
slapgs.c 0
slapgc.c 0
slapec.c 0
shigc.c 0
shags.c 0
shagc.c 0
lfp.c 0
ivrtgs.c 0
ivrtes.c 0
ihgeod.c 0
igradgc.c 0
igrades.c 0
igradec.c 0
idivgs.c 0
idivgc.c 0
idivec.c 0
helmsph.c 0
gradgc.c 0
gradec.c 0
geo2math.c 0
divgs.c 0
divgc.c 0
divec.c 0
