vtsgs.c 1
vsurf.c 1
vrtes.c 1
vlapes.c 1
visequ.c 1
vhsec.c 1
vhaes.c 1
sshifte.c 1
shses.c 1
shigs.c 1
shaec.c 1
ivrtes.c 1
ivlapes.c 1
islapec.c 1
isfvpec.c 1
idvtec.c 1
grades.c 1
divgs.c 1
vtsgc.c 0
vtses.c 0
vtsec.c 0
vshifte.c 0
vrtgs.c 0
vrtgc.c 0
vrtec.c 0
vlapgs.c 0
vlapgc.c 0
vlapec.c 0
visgeo.c 0
visgau.c 0
vhsgs.c 0
vhsgc.c 0
vhses.c 0
vhags.c 0
vhagc.c 0
vhaec.c 0
trvsph.c 0
trssph.c 0
sphcom.c 0
slapgs.c 0
slapgc.c 0
slapes.c 0
slapec.c 0
shsgs.c 0
shsgc.c 0
shsec.c 0
shpg.c 0
shpe.c 0
shigc.c 0
shags.c 0
shagc.c 0
shaes.c 0
sfvpgs.c 0
sfvpgc.c 0
sfvpes.c 0
sfvpec.c 0
pow_di.c 0
lfp.c 0
ivrtgs.c 0
ivrtgc.c 0
ivrtec.c 0
ivlapgs.c 0
ivlapgc.c 0
ivlapec.c 0
islapgs.c 0
islapgc.c 0
islapes.c 0
isfvpgs.c 0
isfvpgc.c 0
isfvpes.c 0
ihgeod.c 0
igradgs.c 0
igradgc.c 0
igrades.c 0
igradec.c 0
idvtgs.c 0
idvtgc.c 0
idvtes.c 0
idivgs.c 0
idivgc.c 0
idives.c 0
idivec.c 0
hrfft.c 0
helmsph.c 0
gradgs.c 0
gradgc.c 0
gradec.c 0
geo2math.c 0
gaqd.c 0
divgc.c 0
dives.c 0
divec.c 0
alf.c 0
