vsurf.c 1
vrtec.c 1
vlapec.c 1
vhsgs.c 1
vhags.c 1
trvsph.c 1
slapgs.c 1
shagc.c 1
sfvpgc.c 1
lfp.c 1
ivlapgs.c 1
islapgs.c 1
isfvpgc.c 1
idives.c 1
geo2math.c 1
divec.c 1
vtsgs.c 0
vtsgc.c 0
vtses.c 0
vtsec.c 0
vshifte.c 0
vrtgs.c 0
vrtgc.c 0
vrtes.c 0
vlapgs.c 0
vlapgc.c 0
vlapes.c 0
visgeo.c 0
visgau.c 0
visequ.c 0
vhsgc.c 0
vhses.c 0
vhsec.c 0
vhagc.c 0
vhaes.c 0
vhaec.c 0
trssph.c 0
sshifte.c 0
sphcom.c 0
slapgc.c 0
slapes.c 0
slapec.c 0
shsgs.c 0
shsgc.c 0
shses.c 0
shsec.c 0
shpg.c 0
shpe.c 0
shigs.c 0
shigc.c 0
shags.c 0
shaes.c 0
shaec.c 0
sfvpgs.c 0
sfvpes.c 0
sfvpec.c 0
pow_di.c 0
ivrtgs.c 0
ivrtgc.c 0
ivrtes.c 0
ivrtec.c 0
ivlapgc.c 0
ivlapes.c 0
ivlapec.c 0
islapgc.c 0
islapes.c 0
islapec.c 0
isfvpgs.c 0
isfvpes.c 0
isfvpec.c 0
ihgeod.c 0
igradgs.c 0
igradgc.c 0
igrades.c 0
igradec.c 0
idvtgs.c 0
idvtgc.c 0
idvtes.c 0
idvtec.c 0
idivgs.c 0
idivgc.c 0
idivec.c 0
hrfft.c 0
helmsph.c 0
gradgs.c 0
gradgc.c 0
grades.c 0
gradec.c 0
gaqd.c 0
divgs.c 0
divgc.c 0
dives.c 0
alf.c 0
